\BOOKMARK [1][-]{section.1}{Titulo de Proyecto:}{}% 1
\BOOKMARK [1][-]{section.2}{Planteamiento del problema:}{}% 2
\BOOKMARK [2][-]{subsection.2.1}{Reunir.}{section.2}% 3
\BOOKMARK [2][-]{subsection.2.2}{Determinar.}{section.2}% 4
\BOOKMARK [2][-]{subsection.2.3}{Identificar}{section.2}% 5
\BOOKMARK [2][-]{subsection.2.4}{Proponer}{section.2}% 6
\BOOKMARK [2][-]{subsection.2.5}{Encontrar}{section.2}% 7
\BOOKMARK [2][-]{subsection.2.6}{Hallar}{section.2}% 8
\BOOKMARK [2][-]{subsection.2.7}{Analizar}{section.2}% 9
\BOOKMARK [1][-]{section.3}{Formulacion de Problema:}{}% 10
\BOOKMARK [1][-]{section.4}{Objetivo General:}{}% 11
\BOOKMARK [1][-]{section.5}{Objetivo del Proyecto:}{}% 12
\BOOKMARK [1][-]{section.6}{Justificacion:}{}% 13
\BOOKMARK [1][-]{section.7}{Delimitacion:}{}% 14
\BOOKMARK [1][-]{section.8}{Marco Teorico:}{}% 15
\BOOKMARK [1][-]{section.9}{Diagrama de Gantt posibles Materiales y Gastos:}{}% 16
\BOOKMARK [1][-]{section.10}{Diagrama de Gantt Cronograma de Actividades y Tiempo:}{}% 17
\BOOKMARK [1][-]{section.11}{Propuesta de Materiales:}{}% 18
\BOOKMARK [2][-]{subsection.11.1}{Elementos consturctivos}{section.11}% 19
\BOOKMARK [2][-]{subsection.11.2}{Manipulador}{section.11}% 20
\BOOKMARK [2][-]{subsection.11.3}{Elementos motrices o Actuadores}{section.11}% 21
\BOOKMARK [2][-]{subsection.11.4}{Controlador}{section.11}% 22
\BOOKMARK [2][-]{subsection.11.5}{Efector Terminal}{section.11}% 23
\BOOKMARK [2][-]{subsection.11.6}{Sensores de Informacion}{section.11}% 24
\BOOKMARK [1][-]{section.12}{Presupuesto:}{}% 25
\BOOKMARK [1][-]{section.13}{Aportacion a cada Materia:}{}% 26
\BOOKMARK [1][-]{section.14}{Primer Bosquejo:}{}% 27
\BOOKMARK [1][-]{section.15}{Desarrollo:}{}% 28
\BOOKMARK [1][-]{section.16}{Referencias:}{}% 29
