\BOOKMARK [1][-]{section.1}{Titulo de Proyecto:}{}% 1
\BOOKMARK [1][-]{section.2}{Planteamiento del problema:}{}% 2
\BOOKMARK [1][-]{section.3}{Formulacion de Problema:}{}% 3
\BOOKMARK [1][-]{section.4}{Objetivo General:}{}% 4
\BOOKMARK [1][-]{section.5}{Objetivos del Proyecto:}{}% 5
\BOOKMARK [1][-]{section.6}{Justificacion:}{}% 6
\BOOKMARK [1][-]{section.7}{Limitacion:}{}% 7
\BOOKMARK [1][-]{section.8}{Delimitacion:}{}% 8
\BOOKMARK [1][-]{section.9}{Marco Teorico:}{}% 9
\BOOKMARK [1][-]{section.10}{Desarrollo:}{}% 10
\BOOKMARK [1][-]{section.11}{Diagrama de Gantt posibles Materiales y Gastos:}{}% 11
\BOOKMARK [1][-]{section.12}{Diagrama de Gantt Cronograma de Actividades y Tiempo:}{}% 12
\BOOKMARK [1][-]{section.13}{Propuesta de Materiales:}{}% 13
\BOOKMARK [2][-]{subsection.13.1}{Elementos consturctivos}{section.13}% 14
\BOOKMARK [2][-]{subsection.13.2}{Manipulador}{section.13}% 15
\BOOKMARK [2][-]{subsection.13.3}{Elementos motrices o Actuadores}{section.13}% 16
\BOOKMARK [2][-]{subsection.13.4}{Controlador}{section.13}% 17
\BOOKMARK [2][-]{subsection.13.5}{Efector Terminal}{section.13}% 18
\BOOKMARK [2][-]{subsection.13.6}{Sensores de Informacion}{section.13}% 19
\BOOKMARK [1][-]{section.14}{Presupuesto:}{}% 20
\BOOKMARK [1][-]{section.15}{Aportacion a cada Materia:}{}% 21
\BOOKMARK [1][-]{section.16}{Primer Bosquejo:}{}% 22
\BOOKMARK [1][-]{section.17}{Referencias Bibliograficas:}{}% 23
